Start testing: Aug 12 19:54 Central Europe Daylight Time
----------------------------------------------------------
1/1 Testing: test_can_database
1/1 Test: test_can_database
Command: "C:/STMProjects/tomko_lib/build/ci/bin/Release/test_can_database.exe"
Directory: C:/STMProjects/tomko_lib/build/ci/can_database/test
"test_can_database" start time: Aug 12 19:54 Central Europe Daylight Time
Output:
----------------------------------------------------------
Running main() from C:\STMProjects\tomko_lib\build\ci\_deps\gtest-src\googletest\src\gtest_main.cc
[==========] Running 17 tests from 6 test suites.
[----------] Global test environment set-up.
[----------] 4 tests from CanCodec_WheelSpeeds
[ RUN      ] CanCodec_WheelSpeeds.RoundTrip
[       OK ] CanCodec_WheelSpeeds.RoundTrip (0 ms)
[ RUN      ] CanCodec_WheelSpeeds.ZeroValues
[       OK ] CanCodec_WheelSpeeds.ZeroValues (0 ms)
[ RUN      ] CanCodec_WheelSpeeds.MaxValues
[       OK ] CanCodec_WheelSpeeds.MaxValues (0 ms)
[ RUN      ] CanCodec_WheelSpeeds.ByteLayout
[       OK ] CanCodec_WheelSpeeds.ByteLayout (0 ms)
[----------] 4 tests from CanCodec_WheelSpeeds (0 ms total)

[----------] 3 tests from CanCodec_PowertrainCtrl
[ RUN      ] CanCodec_PowertrainCtrl.RoundTrip
[       OK ] CanCodec_PowertrainCtrl.RoundTrip (0 ms)
[ RUN      ] CanCodec_PowertrainCtrl.ReservedBytesZeroed
[       OK ] CanCodec_PowertrainCtrl.ReservedBytesZeroed (0 ms)
[ RUN      ] CanCodec_PowertrainCtrl.ZeroValues
[       OK ] CanCodec_PowertrainCtrl.ZeroValues (0 ms)
[----------] 3 tests from CanCodec_PowertrainCtrl (0 ms total)

[----------] 3 tests from CanCodec_BatteryStatus
[ RUN      ] CanCodec_BatteryStatus.RoundTrip
[       OK ] CanCodec_BatteryStatus.RoundTrip (0 ms)
[ RUN      ] CanCodec_BatteryStatus.NegativeCurrent
[       OK ] CanCodec_BatteryStatus.NegativeCurrent (0 ms)
[ RUN      ] CanCodec_BatteryStatus.NegativeTemp
[       OK ] CanCodec_BatteryStatus.NegativeTemp (0 ms)
[----------] 3 tests from CanCodec_BatteryStatus (0 ms total)

[----------] 3 tests from CanCodec_MotorStatus
[ RUN      ] CanCodec_MotorStatus.RoundTrip
[       OK ] CanCodec_MotorStatus.RoundTrip (0 ms)
[ RUN      ] CanCodec_MotorStatus.NegativeTorque
[       OK ] CanCodec_MotorStatus.NegativeTorque (0 ms)
[ RUN      ] CanCodec_MotorStatus.FaultFlags
[       OK ] CanCodec_MotorStatus.FaultFlags (0 ms)
[----------] 3 tests from CanCodec_MotorStatus (0 ms total)

[----------] 2 tests from CanCodec_IMUAccel
[ RUN      ] CanCodec_IMUAccel.RoundTrip
[       OK ] CanCodec_IMUAccel.RoundTrip (0 ms)
[ RUN      ] CanCodec_IMUAccel.AllAxesNegative
[       OK ] CanCodec_IMUAccel.AllAxesNegative (0 ms)
[----------] 2 tests from CanCodec_IMUAccel (0 ms total)

[----------] 2 tests from CanCodec_DashboardCtrl
[ RUN      ] CanCodec_DashboardCtrl.RoundTrip
[       OK ] CanCodec_DashboardCtrl.RoundTrip (0 ms)
[ RUN      ] CanCodec_DashboardCtrl.ReservedBytesZeroed
[       OK ] CanCodec_DashboardCtrl.ReservedBytesZeroed (0 ms)
[----------] 2 tests from CanCodec_DashboardCtrl (0 ms total)

[----------] Global test environment tear-down
[==========] 17 tests from 6 test suites ran. (0 ms total)
[  PASSED  ] 17 tests.
<end of output>
Test time =   1.64 sec
----------------------------------------------------------
Test Passed.
"test_can_database" end time: Aug 12 19:54 Central Europe Daylight Time
"test_can_database" time elapsed: 00:00:01
----------------------------------------------------------

End testing: Aug 12 19:54 Central Europe Daylight Time
